<?xml version="1.0" encoding="UTF-8"?>
<!-- Generated by org.testng.reporters.JUnitReportReporter -->
<testsuite hostname="ATMECSINLT-083" failures="0" tests="1" name="com.atmecs.testscripts.SelectProducts" time="20.294" errors="0" timestamp="14 Nov 2019 06:54:43 GMT" skipped="0">
  <testcase classname="com.atmecs.testscripts.SelectProducts" name="selectingFirstProduct" time="20.294"/>
</testsuite> <!-- com.atmecs.testscripts.SelectProducts -->
