<?xml version="1.0" encoding="UTF-8"?>
<!-- Generated by org.testng.reporters.JUnitReportReporter -->
<testsuite hostname="ATMECSINLT-083" failures="0" tests="1" name="com.atmecs.testscripts.SelectProducts" time="164.505" errors="0" timestamp="13 Nov 2019 14:55:04 GMT" skipped="0">
  <testcase classname="com.atmecs.testscripts.SelectProducts" name="selectingFirstProduct" time="164.505"/>
</testsuite> <!-- com.atmecs.testscripts.SelectProducts -->
