<?xml version="1.0" encoding="UTF-8"?>
<!-- Generated by org.testng.reporters.JUnitReportReporter -->
<testsuite skipped="0" hostname="ATMECSINLT-083" name="com.atmecs.heatclinic.testscripts.SelectProduct" tests="1" failures="0" timestamp="13 Nov 2019 15:04:56 GMT" time="8.778" errors="0">
  <testcase name="testingHomePage" time="8.778" classname="com.atmecs.heatclinic.testscripts.SelectProduct"/>
</testsuite> <!-- com.atmecs.heatclinic.testscripts.SelectProduct -->
